<?xml version="1.0" encoding="UTF-8"?>
<!-- Generated by org.testng.reporters.JUnitReportReporter -->
<testsuite hostname="DESKTOP-OJHBI4D" failures="0" tests="3" name="dataProvider.DataProvider" time="0.023" errors="0" timestamp="2023-10-18T16:23:51 IST" skipped="0">
  <testcase classname="dataProvider.DataProvider" name="pringData" time="0.004"/>
  <testcase classname="dataProvider.DataProvider" name="pringData" time="0.014"/>
  <testcase classname="dataProvider.DataProvider" name="pringData" time="0.005"/>
</testsuite> <!-- dataProvider.DataProvider -->
