<?xml version="1.0" encoding="UTF-8"?>
<!-- Generated by org.testng.reporters.JUnitReportReporter -->
<testsuite hostname="DESKTOP-OJHBI4D" failures="0" tests="2" name="testng.TestNG" time="0.035" errors="0" timestamp="2023-10-18T16:31:39 IST" skipped="0">
  <testcase classname="testng.TestNG" name="print" time="0.017"/>
  <testcase classname="testng.TestNG" name="outPut" time="0.018"/>
</testsuite> <!-- testng.TestNG -->
