<?xml version="1.0" encoding="UTF-8"?>
<!-- Generated by org.testng.reporters.JUnitReportReporter -->
<testsuite hostname="DESKTOP-OJHBI4D" failures="0" tests="1" name="TestNG" time="0.018" errors="0" timestamp="2023-10-17T12:19:43 IST" skipped="0">
  <testcase classname="TestNG" name="print" time="0.018"/>
</testsuite> <!-- TestNG -->
